2019-04-16 19:37:19,702:INFO: Loading the datasets...
2019-04-16 19:37:19,707:INFO: - done.
2019-04-16 19:37:19,724:INFO: Starting training for 10 epoch(s)
2019-04-16 19:37:19,724:INFO: Epoch 1/10
2019-04-16 19:54:03,650:INFO: Loading the datasets...
2019-04-16 19:54:03,655:INFO: - done.
2019-04-16 19:54:03,667:INFO: Starting training for 10 epoch(s)
2019-04-16 19:54:03,667:INFO: Epoch 1/10
2019-04-16 19:54:35,309:INFO: Loading the datasets...
2019-04-16 19:54:35,314:INFO: - done.
2019-04-16 19:54:35,322:INFO: Starting training for 10 epoch(s)
2019-04-16 19:54:35,322:INFO: Epoch 1/10
2019-04-16 19:54:54,327:INFO: Loading the datasets...
2019-04-16 19:54:54,338:INFO: - done.
2019-04-16 19:54:54,341:INFO: Starting training for 10 epoch(s)
2019-04-16 19:54:54,341:INFO: Epoch 1/10
2019-04-16 19:54:54,385:INFO: - Train metrics: accuracy: 0.252 ; loss: 2.117
2019-04-16 19:55:51,532:INFO: Loading the datasets...
2019-04-16 19:55:51,533:INFO: - done.
2019-04-16 19:55:51,536:INFO: Starting training for 10 epoch(s)
2019-04-16 19:55:51,536:INFO: Epoch 1/10
2019-04-16 19:55:51,569:INFO: - Train metrics: accuracy: 0.252 ; loss: 2.117
2019-04-16 19:55:51,579:INFO: - Eval metrics : accuracy: 0.306 ; loss: 2.116
2019-04-16 19:55:51,590:INFO: - Found new best accuracy
2019-04-16 19:55:51,591:INFO: Epoch 2/10
2019-04-16 19:55:51,619:INFO: - Train metrics: accuracy: 0.429 ; loss: 2.085
2019-04-16 19:55:51,628:INFO: - Eval metrics : accuracy: 0.410 ; loss: 2.093
2019-04-16 19:55:51,634:INFO: - Found new best accuracy
2019-04-16 19:55:51,637:INFO: Epoch 3/10
2019-04-16 19:55:51,693:INFO: - Train metrics: accuracy: 0.563 ; loss: 2.055
2019-04-16 19:55:51,702:INFO: - Eval metrics : accuracy: 0.510 ; loss: 2.069
2019-04-16 19:55:51,708:INFO: - Found new best accuracy
2019-04-16 19:55:51,709:INFO: Epoch 4/10
2019-04-16 19:55:51,740:INFO: - Train metrics: accuracy: 0.639 ; loss: 2.024
2019-04-16 19:55:51,758:INFO: - Eval metrics : accuracy: 0.603 ; loss: 2.046
2019-04-16 19:55:51,767:INFO: - Found new best accuracy
2019-04-16 19:55:51,768:INFO: Epoch 5/10
2019-04-16 19:55:51,794:INFO: - Train metrics: accuracy: 0.773 ; loss: 1.992
2019-04-16 19:55:51,803:INFO: - Eval metrics : accuracy: 0.639 ; loss: 2.021
2019-04-16 19:55:51,814:INFO: - Found new best accuracy
2019-04-16 19:55:51,816:INFO: Epoch 6/10
2019-04-16 19:55:51,842:INFO: - Train metrics: accuracy: 0.824 ; loss: 1.958
2019-04-16 19:55:51,859:INFO: - Eval metrics : accuracy: 0.696 ; loss: 1.994
2019-04-16 19:55:51,870:INFO: - Found new best accuracy
2019-04-16 19:55:51,871:INFO: Epoch 7/10
2019-04-16 19:55:51,906:INFO: - Train metrics: accuracy: 0.832 ; loss: 1.921
2019-04-16 19:55:51,915:INFO: - Eval metrics : accuracy: 0.724 ; loss: 1.965
2019-04-16 19:55:51,922:INFO: - Found new best accuracy
2019-04-16 19:55:51,923:INFO: Epoch 8/10
2019-04-16 19:55:51,959:INFO: - Train metrics: accuracy: 0.849 ; loss: 1.880
2019-04-16 19:55:51,969:INFO: - Eval metrics : accuracy: 0.744 ; loss: 1.933
2019-04-16 19:55:51,980:INFO: - Found new best accuracy
2019-04-16 19:55:51,982:INFO: Epoch 9/10
2019-04-16 19:55:52,013:INFO: - Train metrics: accuracy: 0.857 ; loss: 1.834
2019-04-16 19:55:52,023:INFO: - Eval metrics : accuracy: 0.752 ; loss: 1.896
2019-04-16 19:55:52,028:INFO: - Found new best accuracy
2019-04-16 19:55:52,029:INFO: Epoch 10/10
2019-04-16 19:55:52,063:INFO: - Train metrics: accuracy: 0.857 ; loss: 1.781
2019-04-16 19:55:52,075:INFO: - Eval metrics : accuracy: 0.764 ; loss: 1.855
2019-04-16 19:55:52,082:INFO: - Found new best accuracy
2019-04-17 00:03:33,164:INFO: Loading the datasets...
2019-04-17 00:03:33,173:INFO: - done.
2019-04-17 00:03:33,185:INFO: Starting training for 10 epoch(s)
2019-04-17 00:03:33,185:INFO: Epoch 1/10
2019-04-17 00:03:34,412:INFO: - Train metrics: accuracy: 0.385 ; loss: 1.770
2019-04-17 00:03:34,481:INFO: - Eval metrics : accuracy: 0.706 ; loss: 0.987
2019-04-17 00:03:34,496:INFO: - Found new best accuracy
2019-04-17 00:03:34,497:INFO: Epoch 2/10
2019-04-17 00:03:35,691:INFO: - Train metrics: accuracy: 0.793 ; loss: 0.713
2019-04-17 00:03:35,783:INFO: - Eval metrics : accuracy: 0.835 ; loss: 0.576
2019-04-17 00:03:35,791:INFO: - Found new best accuracy
2019-04-17 00:03:35,792:INFO: Epoch 3/10
2019-04-17 00:03:36,987:INFO: - Train metrics: accuracy: 0.935 ; loss: 0.332
2019-04-17 00:03:37,058:INFO: - Eval metrics : accuracy: 0.874 ; loss: 0.410
2019-04-17 00:03:37,069:INFO: - Found new best accuracy
2019-04-17 00:03:37,070:INFO: Epoch 4/10
2019-04-17 00:03:38,258:INFO: - Train metrics: accuracy: 0.959 ; loss: 0.191
2019-04-17 00:03:38,331:INFO: - Eval metrics : accuracy: 0.895 ; loss: 0.334
2019-04-17 00:03:38,344:INFO: - Found new best accuracy
2019-04-17 00:03:38,345:INFO: Epoch 5/10
2019-04-17 00:03:39,538:INFO: - Train metrics: accuracy: 0.979 ; loss: 0.119
2019-04-17 00:03:39,604:INFO: - Eval metrics : accuracy: 0.912 ; loss: 0.289
2019-04-17 00:03:39,619:INFO: - Found new best accuracy
2019-04-17 00:03:39,620:INFO: Epoch 6/10
2019-04-17 00:03:40,821:INFO: - Train metrics: accuracy: 0.986 ; loss: 0.080
2019-04-17 00:03:40,891:INFO: - Eval metrics : accuracy: 0.919 ; loss: 0.259
2019-04-17 00:03:40,903:INFO: - Found new best accuracy
2019-04-17 00:03:40,904:INFO: Epoch 7/10
2019-04-17 00:03:42,121:INFO: - Train metrics: accuracy: 0.986 ; loss: 0.055
2019-04-17 00:03:42,189:INFO: - Eval metrics : accuracy: 0.925 ; loss: 0.241
2019-04-17 00:03:42,200:INFO: - Found new best accuracy
2019-04-17 00:03:42,201:INFO: Epoch 8/10
2019-04-17 00:03:43,408:INFO: - Train metrics: accuracy: 1.000 ; loss: 0.039
2019-04-17 00:03:43,482:INFO: - Eval metrics : accuracy: 0.929 ; loss: 0.228
2019-04-17 00:03:43,496:INFO: - Found new best accuracy
2019-04-17 00:03:43,497:INFO: Epoch 9/10
2019-04-17 00:03:44,731:INFO: - Train metrics: accuracy: 1.000 ; loss: 0.029
2019-04-17 00:03:44,801:INFO: - Eval metrics : accuracy: 0.931 ; loss: 0.219
2019-04-17 00:03:44,812:INFO: - Found new best accuracy
2019-04-17 00:03:44,813:INFO: Epoch 10/10
2019-04-17 00:03:46,045:INFO: - Train metrics: accuracy: 1.000 ; loss: 0.022
2019-04-17 00:03:46,114:INFO: - Eval metrics : accuracy: 0.933 ; loss: 0.213
2019-04-17 00:03:46,123:INFO: - Found new best accuracy
2019-04-18 11:44:49,916:INFO: Loading the datasets...
2019-04-18 11:44:49,932:INFO: - done.
2019-04-18 11:44:49,944:INFO: Starting training for 20 epoch(s)
2019-04-18 11:44:49,944:INFO: Epoch 1/20
2019-04-18 11:44:52,017:INFO: - Train metrics: accuracy: 0.461 ; loss: 1.550
2019-04-18 11:44:52,112:INFO: - Eval metrics : accuracy: 0.810 ; loss: 0.649
2019-04-18 11:44:52,150:INFO: - Found new best accuracy
2019-04-18 11:44:52,152:INFO: Epoch 2/20
2019-04-18 11:44:54,235:INFO: - Train metrics: accuracy: 0.914 ; loss: 0.384
2019-04-18 11:44:54,334:INFO: - Eval metrics : accuracy: 0.898 ; loss: 0.360
2019-04-18 11:44:54,375:INFO: - Found new best accuracy
2019-04-18 11:44:54,376:INFO: Epoch 3/20
2019-04-18 11:44:56,434:INFO: - Train metrics: accuracy: 0.976 ; loss: 0.158
2019-04-18 11:44:56,529:INFO: - Eval metrics : accuracy: 0.926 ; loss: 0.247
2019-04-18 11:44:56,679:INFO: - Found new best accuracy
2019-04-18 11:44:56,680:INFO: Epoch 4/20
2019-04-18 11:44:58,784:INFO: - Train metrics: accuracy: 0.986 ; loss: 0.080
2019-04-18 11:44:58,937:INFO: - Eval metrics : accuracy: 0.942 ; loss: 0.195
2019-04-18 11:44:59,028:INFO: - Found new best accuracy
2019-04-18 11:44:59,029:INFO: Epoch 5/20
2019-04-18 11:45:01,324:INFO: - Train metrics: accuracy: 1.000 ; loss: 0.040
2019-04-18 11:45:01,430:INFO: - Eval metrics : accuracy: 0.946 ; loss: 0.172
2019-04-18 11:45:01,489:INFO: - Found new best accuracy
2019-04-18 11:45:01,492:INFO: Epoch 6/20
2019-04-18 11:45:03,735:INFO: - Train metrics: accuracy: 1.000 ; loss: 0.021
2019-04-18 11:45:03,837:INFO: - Eval metrics : accuracy: 0.948 ; loss: 0.159
2019-04-18 11:45:03,932:INFO: - Found new best accuracy
2019-04-18 11:45:03,933:INFO: Epoch 7/20
2019-04-18 11:45:06,103:INFO: - Train metrics: accuracy: 1.000 ; loss: 0.013
2019-04-18 11:45:06,197:INFO: - Eval metrics : accuracy: 0.947 ; loss: 0.154
2019-04-18 11:45:06,241:INFO: Epoch 8/20
2019-04-18 11:45:08,344:INFO: - Train metrics: accuracy: 1.000 ; loss: 0.009
2019-04-18 11:45:08,450:INFO: - Eval metrics : accuracy: 0.950 ; loss: 0.152
2019-04-18 11:45:08,511:INFO: - Found new best accuracy
2019-04-18 11:45:08,513:INFO: Epoch 9/20
2019-04-18 11:45:10,758:INFO: - Train metrics: accuracy: 1.000 ; loss: 0.007
2019-04-18 11:45:10,878:INFO: - Eval metrics : accuracy: 0.949 ; loss: 0.151
2019-04-18 11:45:10,947:INFO: Epoch 10/20
2019-04-18 11:45:13,135:INFO: - Train metrics: accuracy: 1.000 ; loss: 0.006
2019-04-18 11:45:13,237:INFO: - Eval metrics : accuracy: 0.948 ; loss: 0.150
2019-04-18 11:45:13,292:INFO: Epoch 11/20
2019-04-18 11:45:15,415:INFO: - Train metrics: accuracy: 1.000 ; loss: 0.005
2019-04-18 11:45:15,511:INFO: - Eval metrics : accuracy: 0.949 ; loss: 0.151
2019-04-18 11:45:15,521:INFO: Epoch 12/20
2019-04-18 11:45:17,521:INFO: - Train metrics: accuracy: 1.000 ; loss: 0.004
2019-04-18 11:45:17,618:INFO: - Eval metrics : accuracy: 0.951 ; loss: 0.153
2019-04-18 11:45:17,645:INFO: - Found new best accuracy
2019-04-18 11:45:17,646:INFO: Epoch 13/20
2019-04-18 11:45:19,664:INFO: - Train metrics: accuracy: 1.000 ; loss: 0.003
2019-04-18 11:45:19,764:INFO: - Eval metrics : accuracy: 0.949 ; loss: 0.154
2019-04-18 11:45:19,774:INFO: Epoch 14/20
2019-04-18 11:45:21,783:INFO: - Train metrics: accuracy: 1.000 ; loss: 0.002
2019-04-18 11:45:21,879:INFO: - Eval metrics : accuracy: 0.949 ; loss: 0.157
2019-04-18 11:45:21,889:INFO: Epoch 15/20
2019-04-18 11:45:23,894:INFO: - Train metrics: accuracy: 1.000 ; loss: 0.002
2019-04-18 11:45:23,988:INFO: - Eval metrics : accuracy: 0.950 ; loss: 0.158
2019-04-18 11:45:23,999:INFO: Epoch 16/20
2019-04-18 11:45:26,012:INFO: - Train metrics: accuracy: 1.000 ; loss: 0.002
2019-04-18 11:45:26,105:INFO: - Eval metrics : accuracy: 0.949 ; loss: 0.160
2019-04-18 11:45:26,115:INFO: Epoch 17/20
2019-04-18 11:45:28,113:INFO: - Train metrics: accuracy: 1.000 ; loss: 0.002
2019-04-18 11:45:28,207:INFO: - Eval metrics : accuracy: 0.948 ; loss: 0.163
2019-04-18 11:45:28,218:INFO: Epoch 18/20
2019-04-18 11:45:30,269:INFO: - Train metrics: accuracy: 1.000 ; loss: 0.001
2019-04-18 11:45:30,366:INFO: - Eval metrics : accuracy: 0.949 ; loss: 0.162
2019-04-18 11:45:30,376:INFO: Epoch 19/20
2019-04-18 11:45:32,387:INFO: - Train metrics: accuracy: 1.000 ; loss: 0.001
2019-04-18 11:45:32,485:INFO: - Eval metrics : accuracy: 0.947 ; loss: 0.165
2019-04-18 11:45:32,495:INFO: Epoch 20/20
2019-04-18 11:45:34,503:INFO: - Train metrics: accuracy: 1.000 ; loss: 0.001
2019-04-18 11:45:34,601:INFO: - Eval metrics : accuracy: 0.947 ; loss: 0.165
2019-04-18 11:47:17,427:INFO: Loading the datasets...
2019-04-18 11:47:17,444:INFO: - done.
2019-04-18 11:47:17,453:INFO: Starting training for 10 epoch(s)
2019-04-18 11:47:17,453:INFO: Epoch 1/10
2019-04-18 11:47:18,656:INFO: - Train metrics: accuracy: 0.113 ; loss: 2.305
2019-04-18 11:47:18,721:INFO: - Eval metrics : accuracy: 0.745 ; loss: 0.941
2019-04-18 11:47:18,761:INFO: - Found new best accuracy
2019-04-18 11:47:18,763:INFO: Epoch 2/10
2019-04-18 11:47:20,004:INFO: - Train metrics: accuracy: 0.766 ; loss: 0.783
2019-04-18 11:47:20,070:INFO: - Eval metrics : accuracy: 0.845 ; loss: 0.549
2019-04-18 11:47:20,100:INFO: - Found new best accuracy
2019-04-18 11:47:20,101:INFO: Epoch 3/10
2019-04-18 11:47:21,299:INFO: - Train metrics: accuracy: 0.887 ; loss: 0.394
2019-04-18 11:47:21,367:INFO: - Eval metrics : accuracy: 0.892 ; loss: 0.381
2019-04-18 11:47:21,393:INFO: - Found new best accuracy
2019-04-18 11:47:21,394:INFO: Epoch 4/10
2019-04-18 11:47:22,588:INFO: - Train metrics: accuracy: 0.944 ; loss: 0.235
2019-04-18 11:47:22,657:INFO: - Eval metrics : accuracy: 0.919 ; loss: 0.289
2019-04-18 11:47:22,699:INFO: - Found new best accuracy
2019-04-18 11:47:22,701:INFO: Epoch 5/10
2019-04-18 11:47:23,929:INFO: - Train metrics: accuracy: 0.984 ; loss: 0.142
2019-04-18 11:47:23,991:INFO: - Eval metrics : accuracy: 0.930 ; loss: 0.236
2019-04-18 11:47:24,041:INFO: - Found new best accuracy
2019-04-18 11:47:24,042:INFO: Epoch 6/10
2019-04-18 11:47:25,278:INFO: - Train metrics: accuracy: 1.000 ; loss: 0.088
2019-04-18 11:47:25,342:INFO: - Eval metrics : accuracy: 0.937 ; loss: 0.206
2019-04-18 11:47:25,369:INFO: - Found new best accuracy
2019-04-18 11:47:25,370:INFO: Epoch 7/10
2019-04-18 11:47:26,567:INFO: - Train metrics: accuracy: 1.000 ; loss: 0.056
2019-04-18 11:47:26,632:INFO: - Eval metrics : accuracy: 0.939 ; loss: 0.187
2019-04-18 11:47:26,672:INFO: - Found new best accuracy
2019-04-18 11:47:26,673:INFO: Epoch 8/10
2019-04-18 11:47:27,884:INFO: - Train metrics: accuracy: 1.000 ; loss: 0.039
2019-04-18 11:47:27,944:INFO: - Eval metrics : accuracy: 0.941 ; loss: 0.175
2019-04-18 11:47:27,994:INFO: - Found new best accuracy
2019-04-18 11:47:27,994:INFO: Epoch 9/10
2019-04-18 11:47:29,208:INFO: - Train metrics: accuracy: 1.000 ; loss: 0.030
2019-04-18 11:47:29,272:INFO: - Eval metrics : accuracy: 0.944 ; loss: 0.167
2019-04-18 11:47:29,319:INFO: - Found new best accuracy
2019-04-18 11:47:29,322:INFO: Epoch 10/10
2019-04-18 11:47:30,574:INFO: - Train metrics: accuracy: 1.000 ; loss: 0.024
2019-04-18 11:47:30,638:INFO: - Eval metrics : accuracy: 0.946 ; loss: 0.161
2019-04-18 11:47:30,721:INFO: - Found new best accuracy
2019-04-18 12:06:28,732:INFO: Loading the datasets...
2019-04-18 12:06:28,748:INFO: - done.
2019-04-18 12:06:59,901:INFO: Loading the datasets...
2019-04-18 12:06:59,908:INFO: - done.
2019-04-18 12:07:00,120:INFO: Starting training for 10 epoch(s)
2019-04-18 12:07:00,120:INFO: Epoch 1/10
2019-04-18 12:07:00,978:INFO: - Train metrics: accuracy: 0.081 ; loss: 2.338
2019-04-18 12:07:01,045:INFO: - Eval metrics : accuracy: 0.502 ; loss: 1.569
2019-04-18 12:07:01,059:INFO: - Found new best accuracy
2019-04-18 12:07:01,060:INFO: Epoch 2/10
2019-04-18 12:07:01,877:INFO: - Train metrics: accuracy: 0.556 ; loss: 1.463
2019-04-18 12:07:01,942:INFO: - Eval metrics : accuracy: 0.611 ; loss: 1.182
2019-04-18 12:07:01,954:INFO: - Found new best accuracy
2019-04-18 12:07:01,955:INFO: Epoch 3/10
2019-04-18 12:07:02,761:INFO: - Train metrics: accuracy: 0.685 ; loss: 0.985
2019-04-18 12:07:02,825:INFO: - Eval metrics : accuracy: 0.705 ; loss: 0.935
2019-04-18 12:07:02,837:INFO: - Found new best accuracy
2019-04-18 12:07:02,838:INFO: Epoch 4/10
2019-04-18 12:07:03,661:INFO: - Train metrics: accuracy: 0.782 ; loss: 0.684
2019-04-18 12:07:03,725:INFO: - Eval metrics : accuracy: 0.766 ; loss: 0.776
2019-04-18 12:07:03,739:INFO: - Found new best accuracy
2019-04-18 12:07:03,740:INFO: Epoch 5/10
2019-04-18 12:07:04,565:INFO: - Train metrics: accuracy: 0.879 ; loss: 0.488
2019-04-18 12:07:04,631:INFO: - Eval metrics : accuracy: 0.799 ; loss: 0.668
2019-04-18 12:07:04,646:INFO: - Found new best accuracy
2019-04-18 12:07:04,646:INFO: Epoch 6/10
2019-04-18 12:07:05,496:INFO: - Train metrics: accuracy: 0.927 ; loss: 0.348
2019-04-18 12:07:05,557:INFO: - Eval metrics : accuracy: 0.818 ; loss: 0.598
2019-04-18 12:07:05,577:INFO: - Found new best accuracy
2019-04-18 12:07:05,578:INFO: Epoch 7/10
2019-04-18 12:07:06,383:INFO: - Train metrics: accuracy: 0.944 ; loss: 0.256
2019-04-18 12:07:06,446:INFO: - Eval metrics : accuracy: 0.821 ; loss: 0.557
2019-04-18 12:07:06,461:INFO: - Found new best accuracy
2019-04-18 12:07:06,462:INFO: Epoch 8/10
2019-04-18 12:07:07,295:INFO: - Train metrics: accuracy: 0.968 ; loss: 0.200
2019-04-18 12:07:07,361:INFO: - Eval metrics : accuracy: 0.835 ; loss: 0.520
2019-04-18 12:07:07,388:INFO: - Found new best accuracy
2019-04-18 12:07:07,390:INFO: Epoch 9/10
2019-04-18 12:07:08,197:INFO: - Train metrics: accuracy: 0.976 ; loss: 0.162
2019-04-18 12:07:08,259:INFO: - Eval metrics : accuracy: 0.850 ; loss: 0.486
2019-04-18 12:07:08,273:INFO: - Found new best accuracy
2019-04-18 12:07:08,274:INFO: Epoch 10/10
2019-04-18 12:07:09,080:INFO: - Train metrics: accuracy: 0.976 ; loss: 0.134
2019-04-18 12:07:09,144:INFO: - Eval metrics : accuracy: 0.861 ; loss: 0.463
2019-04-18 12:07:09,158:INFO: - Found new best accuracy
2019-04-18 12:07:31,777:INFO: Loading the datasets...
2019-04-18 12:07:31,784:INFO: - done.
2019-04-18 12:07:31,986:INFO: Starting training for 30 epoch(s)
2019-04-18 12:07:31,986:INFO: Epoch 1/30
2019-04-18 12:07:32,824:INFO: - Train metrics: accuracy: 0.065 ; loss: 2.346
2019-04-18 12:07:32,888:INFO: - Eval metrics : accuracy: 0.503 ; loss: 1.559
2019-04-18 12:07:32,901:INFO: - Found new best accuracy
2019-04-18 12:07:32,902:INFO: Epoch 2/30
2019-04-18 12:07:33,733:INFO: - Train metrics: accuracy: 0.573 ; loss: 1.454
2019-04-18 12:07:33,799:INFO: - Eval metrics : accuracy: 0.621 ; loss: 1.156
2019-04-18 12:07:33,813:INFO: - Found new best accuracy
2019-04-18 12:07:33,814:INFO: Epoch 3/30
2019-04-18 12:07:34,647:INFO: - Train metrics: accuracy: 0.726 ; loss: 0.940
2019-04-18 12:07:34,712:INFO: - Eval metrics : accuracy: 0.710 ; loss: 0.885
2019-04-18 12:07:34,727:INFO: - Found new best accuracy
2019-04-18 12:07:34,728:INFO: Epoch 4/30
2019-04-18 12:07:35,572:INFO: - Train metrics: accuracy: 0.831 ; loss: 0.628
2019-04-18 12:07:35,636:INFO: - Eval metrics : accuracy: 0.779 ; loss: 0.704
2019-04-18 12:07:35,651:INFO: - Found new best accuracy
2019-04-18 12:07:35,652:INFO: Epoch 5/30
2019-04-18 12:07:36,487:INFO: - Train metrics: accuracy: 0.935 ; loss: 0.419
2019-04-18 12:07:36,553:INFO: - Eval metrics : accuracy: 0.811 ; loss: 0.603
2019-04-18 12:07:36,568:INFO: - Found new best accuracy
2019-04-18 12:07:36,568:INFO: Epoch 6/30
2019-04-18 12:07:37,400:INFO: - Train metrics: accuracy: 0.952 ; loss: 0.305
2019-04-18 12:07:37,464:INFO: - Eval metrics : accuracy: 0.823 ; loss: 0.540
2019-04-18 12:07:37,497:INFO: - Found new best accuracy
2019-04-18 12:07:37,498:INFO: Epoch 7/30
2019-04-18 12:07:38,339:INFO: - Train metrics: accuracy: 0.960 ; loss: 0.235
2019-04-18 12:07:38,404:INFO: - Eval metrics : accuracy: 0.834 ; loss: 0.488
2019-04-18 12:07:38,418:INFO: - Found new best accuracy
2019-04-18 12:07:38,419:INFO: Epoch 8/30
2019-04-18 12:07:39,258:INFO: - Train metrics: accuracy: 0.960 ; loss: 0.187
2019-04-18 12:07:39,321:INFO: - Eval metrics : accuracy: 0.849 ; loss: 0.451
2019-04-18 12:07:39,337:INFO: - Found new best accuracy
2019-04-18 12:07:39,338:INFO: Epoch 9/30
2019-04-18 12:07:40,183:INFO: - Train metrics: accuracy: 0.976 ; loss: 0.152
2019-04-18 12:07:40,250:INFO: - Eval metrics : accuracy: 0.862 ; loss: 0.423
2019-04-18 12:07:40,263:INFO: - Found new best accuracy
2019-04-18 12:07:40,264:INFO: Epoch 10/30
2019-04-18 12:07:41,097:INFO: - Train metrics: accuracy: 0.984 ; loss: 0.127
2019-04-18 12:07:41,161:INFO: - Eval metrics : accuracy: 0.868 ; loss: 0.400
2019-04-18 12:07:41,175:INFO: - Found new best accuracy
2019-04-18 12:07:41,176:INFO: Epoch 11/30
2019-04-18 12:07:42,010:INFO: - Train metrics: accuracy: 0.976 ; loss: 0.109
2019-04-18 12:07:42,075:INFO: - Eval metrics : accuracy: 0.873 ; loss: 0.383
2019-04-18 12:07:42,089:INFO: - Found new best accuracy
2019-04-18 12:07:42,089:INFO: Epoch 12/30
2019-04-18 12:07:42,925:INFO: - Train metrics: accuracy: 0.976 ; loss: 0.095
2019-04-18 12:07:42,990:INFO: - Eval metrics : accuracy: 0.882 ; loss: 0.370
2019-04-18 12:07:43,078:INFO: - Found new best accuracy
2019-04-18 12:07:43,079:INFO: Epoch 13/30
2019-04-18 12:07:43,941:INFO: - Train metrics: accuracy: 0.976 ; loss: 0.084
2019-04-18 12:07:44,008:INFO: - Eval metrics : accuracy: 0.888 ; loss: 0.361
2019-04-18 12:07:44,020:INFO: - Found new best accuracy
2019-04-18 12:07:44,021:INFO: Epoch 14/30
2019-04-18 12:07:44,854:INFO: - Train metrics: accuracy: 0.976 ; loss: 0.074
2019-04-18 12:07:44,918:INFO: - Eval metrics : accuracy: 0.888 ; loss: 0.354
2019-04-18 12:07:44,930:INFO: - Found new best accuracy
2019-04-18 12:07:44,931:INFO: Epoch 15/30
2019-04-18 12:07:45,770:INFO: - Train metrics: accuracy: 0.976 ; loss: 0.066
2019-04-18 12:07:45,833:INFO: - Eval metrics : accuracy: 0.891 ; loss: 0.349
2019-04-18 12:07:45,848:INFO: - Found new best accuracy
2019-04-18 12:07:45,849:INFO: Epoch 16/30
2019-04-18 12:07:46,689:INFO: - Train metrics: accuracy: 0.976 ; loss: 0.060
2019-04-18 12:07:46,754:INFO: - Eval metrics : accuracy: 0.894 ; loss: 0.345
2019-04-18 12:07:46,770:INFO: - Found new best accuracy
2019-04-18 12:07:46,771:INFO: Epoch 17/30
2019-04-18 12:07:47,598:INFO: - Train metrics: accuracy: 0.984 ; loss: 0.054
2019-04-18 12:07:47,662:INFO: - Eval metrics : accuracy: 0.896 ; loss: 0.342
2019-04-18 12:07:47,676:INFO: - Found new best accuracy
2019-04-18 12:07:47,677:INFO: Epoch 18/30
2019-04-18 12:07:48,549:INFO: - Train metrics: accuracy: 0.984 ; loss: 0.048
2019-04-18 12:07:48,614:INFO: - Eval metrics : accuracy: 0.901 ; loss: 0.338
2019-04-18 12:07:48,629:INFO: - Found new best accuracy
2019-04-18 12:07:48,630:INFO: Epoch 19/30
2019-04-18 12:07:49,463:INFO: - Train metrics: accuracy: 0.984 ; loss: 0.043
2019-04-18 12:07:49,527:INFO: - Eval metrics : accuracy: 0.903 ; loss: 0.336
2019-04-18 12:07:49,540:INFO: - Found new best accuracy
2019-04-18 12:07:49,541:INFO: Epoch 20/30
2019-04-18 12:07:50,368:INFO: - Train metrics: accuracy: 0.984 ; loss: 0.039
2019-04-18 12:07:50,434:INFO: - Eval metrics : accuracy: 0.904 ; loss: 0.334
2019-04-18 12:07:50,464:INFO: - Found new best accuracy
2019-04-18 12:07:50,465:INFO: Epoch 21/30
2019-04-18 12:07:51,297:INFO: - Train metrics: accuracy: 0.984 ; loss: 0.036
2019-04-18 12:07:51,363:INFO: - Eval metrics : accuracy: 0.906 ; loss: 0.332
2019-04-18 12:07:51,396:INFO: - Found new best accuracy
2019-04-18 12:07:51,397:INFO: Epoch 22/30
2019-04-18 12:07:52,236:INFO: - Train metrics: accuracy: 0.992 ; loss: 0.033
2019-04-18 12:07:52,301:INFO: - Eval metrics : accuracy: 0.908 ; loss: 0.332
2019-04-18 12:07:52,338:INFO: - Found new best accuracy
2019-04-18 12:07:52,339:INFO: Epoch 23/30
2019-04-18 12:07:53,193:INFO: - Train metrics: accuracy: 1.000 ; loss: 0.030
2019-04-18 12:07:53,258:INFO: - Eval metrics : accuracy: 0.911 ; loss: 0.332
2019-04-18 12:07:53,297:INFO: - Found new best accuracy
2019-04-18 12:07:53,298:INFO: Epoch 24/30
2019-04-18 12:07:54,145:INFO: - Train metrics: accuracy: 1.000 ; loss: 0.027
2019-04-18 12:07:54,209:INFO: - Eval metrics : accuracy: 0.910 ; loss: 0.333
2019-04-18 12:07:54,230:INFO: Epoch 25/30
2019-04-18 12:07:55,064:INFO: - Train metrics: accuracy: 1.000 ; loss: 0.025
2019-04-18 12:07:55,130:INFO: - Eval metrics : accuracy: 0.909 ; loss: 0.334
2019-04-18 12:07:55,150:INFO: Epoch 26/30
2019-04-18 12:07:55,987:INFO: - Train metrics: accuracy: 1.000 ; loss: 0.023
2019-04-18 12:07:56,060:INFO: - Eval metrics : accuracy: 0.910 ; loss: 0.337
2019-04-18 12:07:56,073:INFO: Epoch 27/30
2019-04-18 12:07:56,925:INFO: - Train metrics: accuracy: 1.000 ; loss: 0.022
2019-04-18 12:07:56,990:INFO: - Eval metrics : accuracy: 0.910 ; loss: 0.339
2019-04-18 12:07:57,005:INFO: Epoch 28/30
2019-04-18 12:07:57,839:INFO: - Train metrics: accuracy: 1.000 ; loss: 0.020
2019-04-18 12:07:57,903:INFO: - Eval metrics : accuracy: 0.912 ; loss: 0.343
2019-04-18 12:07:57,935:INFO: - Found new best accuracy
2019-04-18 12:07:57,936:INFO: Epoch 29/30
2019-04-18 12:07:58,771:INFO: - Train metrics: accuracy: 1.000 ; loss: 0.018
2019-04-18 12:07:58,835:INFO: - Eval metrics : accuracy: 0.912 ; loss: 0.347
2019-04-18 12:07:58,867:INFO: - Found new best accuracy
2019-04-18 12:07:58,868:INFO: Epoch 30/30
2019-04-18 12:07:59,733:INFO: - Train metrics: accuracy: 1.000 ; loss: 0.017
2019-04-18 12:07:59,799:INFO: - Eval metrics : accuracy: 0.913 ; loss: 0.351
2019-04-18 12:07:59,812:INFO: - Found new best accuracy
2019-04-18 19:27:46,320:INFO: Loading the datasets...
2019-04-18 19:27:46,335:INFO: - done.
2019-04-18 19:27:46,572:INFO: Starting training for 2 epoch(s)
2019-04-18 19:27:46,572:INFO: Epoch 1/2
2019-04-18 19:27:47,412:INFO: - Train metrics: accuracy: 0.065 ; loss: 2.348
2019-04-18 19:27:47,498:INFO: - Eval metrics : accuracy: 0.499 ; loss: 1.568
2019-04-18 19:27:47,576:INFO: - Found new best accuracy
2019-04-18 19:27:47,577:INFO: Epoch 2/2
2019-04-18 19:27:48,444:INFO: - Train metrics: accuracy: 0.556 ; loss: 1.457
2019-04-18 19:27:48,514:INFO: - Eval metrics : accuracy: 0.604 ; loss: 1.198
2019-04-18 19:27:48,583:INFO: - Found new best accuracy
2019-04-18 19:28:14,306:INFO: Loading the datasets...
2019-04-18 19:28:14,320:INFO: - done.
2019-04-18 19:28:14,519:INFO: Starting training for 1 epoch(s)
2019-04-18 19:28:14,519:INFO: Epoch 1/1
2019-04-18 19:28:15,322:INFO: - Train metrics: accuracy: 0.081 ; loss: 2.351
2019-04-18 19:28:15,391:INFO: - Eval metrics : accuracy: 0.495 ; loss: 1.570
2019-04-18 19:28:15,430:INFO: - Found new best accuracy
2019-04-18 19:28:45,632:INFO: Loading the datasets...
2019-04-18 19:28:45,645:INFO: - done.
2019-04-18 19:28:45,854:INFO: Starting training for 1 epoch(s)
2019-04-18 19:28:45,854:INFO: Epoch 1/1
2019-04-18 19:28:46,671:INFO: - Train metrics: accuracy: 0.081 ; loss: 2.341
2019-04-18 19:28:46,753:INFO: - Eval metrics : accuracy: 0.504 ; loss: 1.565
2019-04-18 19:28:46,809:INFO: - Found new best accuracy
2019-04-18 19:35:18,944:INFO: Loading the datasets...
2019-04-18 19:35:18,963:INFO: - done.
2019-04-18 19:35:19,167:INFO: Starting training for 1 epoch(s)
2019-04-18 19:35:19,167:INFO: Epoch 1/1
2019-04-18 19:36:43,643:INFO: Loading the datasets...
2019-04-18 19:36:43,650:INFO: - done.
2019-04-18 19:36:43,846:INFO: Starting training for 1 epoch(s)
2019-04-18 19:36:43,846:INFO: Epoch 1/1
2019-04-18 19:36:44,691:INFO: - Train metrics: accuracy: 0.081 ; f1_score: 0.024 ; loss: 2.346
2019-04-18 19:36:44,767:INFO: - Eval metrics : accuracy: 0.498 ; f1_score: 0.169 ; loss: 1.563
2019-04-18 19:36:44,849:INFO: - Found new best accuracy
2019-04-18 19:38:59,902:INFO: Loading the datasets...
2019-04-18 19:38:59,920:INFO: - done.
2019-04-18 19:39:00,128:INFO: Starting training for 1 epoch(s)
2019-04-18 19:39:00,128:INFO: Epoch 1/1
2019-04-18 19:39:00,955:INFO: - Train metrics: accuracy: 0.089 ; f1_score: 0.169 ; loss: 2.356
2019-04-18 19:39:01,026:INFO: - Eval metrics : accuracy: 0.489 ; f1_score: 0.462 ; loss: 1.575
2019-04-18 19:39:01,043:INFO: - Found new best accuracy
2019-04-18 19:39:24,449:INFO: Loading the datasets...
2019-04-18 19:39:24,457:INFO: - done.
2019-04-18 19:39:24,655:INFO: Starting training for 10 epoch(s)
2019-04-18 19:39:24,655:INFO: Epoch 1/10
2019-04-18 19:39:25,454:INFO: - Train metrics: accuracy: 0.089 ; f1_score: 0.163 ; loss: 2.340
2019-04-18 19:39:25,526:INFO: - Eval metrics : accuracy: 0.493 ; f1_score: 0.435 ; loss: 1.572
2019-04-18 19:39:25,540:INFO: - Found new best accuracy
2019-04-18 19:39:25,541:INFO: Epoch 2/10
2019-04-18 19:39:26,347:INFO: - Train metrics: accuracy: 0.565 ; f1_score: 0.511 ; loss: 1.458
2019-04-18 19:39:26,419:INFO: - Eval metrics : accuracy: 0.606 ; f1_score: 0.504 ; loss: 1.188
2019-04-18 19:39:26,432:INFO: - Found new best accuracy
2019-04-18 19:39:26,433:INFO: Epoch 3/10
2019-04-18 19:39:27,234:INFO: - Train metrics: accuracy: 0.661 ; f1_score: 0.560 ; loss: 0.968
2019-04-18 19:39:27,308:INFO: - Eval metrics : accuracy: 0.702 ; f1_score: 0.547 ; loss: 0.927
2019-04-18 19:39:27,323:INFO: - Found new best accuracy
2019-04-18 19:39:27,324:INFO: Epoch 4/10
2019-04-18 19:39:28,134:INFO: - Train metrics: accuracy: 0.790 ; f1_score: 0.640 ; loss: 0.632
2019-04-18 19:39:28,205:INFO: - Eval metrics : accuracy: 0.770 ; f1_score: 0.610 ; loss: 0.750
2019-04-18 19:39:28,219:INFO: - Found new best accuracy
2019-04-18 19:39:28,220:INFO: Epoch 5/10
2019-04-18 19:39:29,019:INFO: - Train metrics: accuracy: 0.919 ; f1_score: 0.762 ; loss: 0.424
2019-04-18 19:39:29,091:INFO: - Eval metrics : accuracy: 0.809 ; f1_score: 0.648 ; loss: 0.634
2019-04-18 19:39:29,107:INFO: - Found new best accuracy
2019-04-18 19:39:29,108:INFO: Epoch 6/10
2019-04-18 19:39:29,908:INFO: - Train metrics: accuracy: 0.960 ; f1_score: 0.800 ; loss: 0.294
2019-04-18 19:39:29,979:INFO: - Eval metrics : accuracy: 0.829 ; f1_score: 0.667 ; loss: 0.563
2019-04-18 19:39:30,041:INFO: - Found new best accuracy
2019-04-18 19:39:30,044:INFO: Epoch 7/10
2019-04-18 19:39:30,848:INFO: - Train metrics: accuracy: 0.960 ; f1_score: 0.797 ; loss: 0.217
2019-04-18 19:39:30,922:INFO: - Eval metrics : accuracy: 0.834 ; f1_score: 0.672 ; loss: 0.515
2019-04-18 19:39:30,937:INFO: - Found new best accuracy
2019-04-18 19:39:30,938:INFO: Epoch 8/10
2019-04-18 19:39:31,742:INFO: - Train metrics: accuracy: 0.968 ; f1_score: 0.803 ; loss: 0.171
2019-04-18 19:39:31,815:INFO: - Eval metrics : accuracy: 0.842 ; f1_score: 0.678 ; loss: 0.474
2019-04-18 19:39:31,833:INFO: - Found new best accuracy
2019-04-18 19:39:31,834:INFO: Epoch 9/10
2019-04-18 19:39:32,632:INFO: - Train metrics: accuracy: 0.976 ; f1_score: 0.808 ; loss: 0.139
2019-04-18 19:39:32,704:INFO: - Eval metrics : accuracy: 0.853 ; f1_score: 0.687 ; loss: 0.443
2019-04-18 19:39:32,729:INFO: - Found new best accuracy
2019-04-18 19:39:32,730:INFO: Epoch 10/10
2019-04-18 19:39:33,531:INFO: - Train metrics: accuracy: 0.976 ; f1_score: 0.808 ; loss: 0.116
2019-04-18 19:39:33,602:INFO: - Eval metrics : accuracy: 0.859 ; f1_score: 0.692 ; loss: 0.421
2019-04-18 19:39:33,625:INFO: - Found new best accuracy
2019-04-18 19:42:50,032:INFO: Loading the datasets...
2019-04-18 19:42:50,048:INFO: - done.
2019-04-18 19:42:50,253:INFO: Starting training for 10 epoch(s)
2019-04-18 19:42:50,253:INFO: Epoch 1/10
2019-04-18 19:42:51,066:INFO: - Train metrics: accuracy: 0.073 ; f1_score: 0.077 ; loss: 2.362
2019-04-18 19:42:51,139:INFO: - Eval metrics : accuracy: 0.495 ; f1_score: 0.412 ; loss: 1.575
2019-04-18 19:42:51,153:INFO: - Found new best accuracy
2019-04-18 19:42:51,158:INFO: Epoch 2/10
2019-04-18 19:42:51,997:INFO: - Train metrics: accuracy: 0.581 ; f1_score: 0.526 ; loss: 1.441
2019-04-18 19:42:52,069:INFO: - Eval metrics : accuracy: 0.602 ; f1_score: 0.491 ; loss: 1.193
2019-04-18 19:42:52,083:INFO: - Found new best accuracy
2019-04-18 19:42:52,087:INFO: Epoch 3/10
2019-04-18 19:42:52,908:INFO: - Train metrics: accuracy: 0.710 ; f1_score: 0.601 ; loss: 0.924
2019-04-18 19:42:52,978:INFO: - Eval metrics : accuracy: 0.700 ; f1_score: 0.542 ; loss: 0.940
2019-04-18 19:42:52,997:INFO: - Found new best accuracy
2019-04-18 19:42:52,998:INFO: Epoch 4/10
2019-04-18 19:42:53,823:INFO: - Train metrics: accuracy: 0.823 ; f1_score: 0.683 ; loss: 0.611
2019-04-18 19:42:53,895:INFO: - Eval metrics : accuracy: 0.768 ; f1_score: 0.608 ; loss: 0.765
2019-04-18 19:42:53,936:INFO: - Found new best accuracy
2019-04-18 19:42:53,943:INFO: Epoch 5/10
2019-04-18 19:42:54,768:INFO: - Train metrics: accuracy: 0.935 ; f1_score: 0.776 ; loss: 0.403
2019-04-18 19:42:54,842:INFO: - Eval metrics : accuracy: 0.805 ; f1_score: 0.647 ; loss: 0.656
2019-04-18 19:42:54,879:INFO: - Found new best accuracy
2019-04-18 19:42:54,880:INFO: Epoch 6/10
2019-04-18 19:42:55,699:INFO: - Train metrics: accuracy: 0.968 ; f1_score: 0.803 ; loss: 0.282
2019-04-18 19:42:55,771:INFO: - Eval metrics : accuracy: 0.820 ; f1_score: 0.661 ; loss: 0.593
2019-04-18 19:42:55,785:INFO: - Found new best accuracy
2019-04-18 19:42:55,786:INFO: Epoch 7/10
2019-04-18 19:42:56,597:INFO: - Train metrics: accuracy: 0.984 ; f1_score: 0.820 ; loss: 0.214
2019-04-18 19:42:56,669:INFO: - Eval metrics : accuracy: 0.825 ; f1_score: 0.665 ; loss: 0.549
2019-04-18 19:42:56,686:INFO: - Found new best accuracy
2019-04-18 19:42:56,688:INFO: Epoch 8/10
2019-04-18 19:42:57,532:INFO: - Train metrics: accuracy: 0.984 ; f1_score: 0.818 ; loss: 0.172
2019-04-18 19:42:57,604:INFO: - Eval metrics : accuracy: 0.844 ; f1_score: 0.681 ; loss: 0.499
2019-04-18 19:42:57,618:INFO: - Found new best accuracy
2019-04-18 19:42:57,619:INFO: Epoch 9/10
2019-04-18 19:42:58,431:INFO: - Train metrics: accuracy: 0.984 ; f1_score: 0.818 ; loss: 0.141
2019-04-18 19:42:58,502:INFO: - Eval metrics : accuracy: 0.860 ; f1_score: 0.694 ; loss: 0.461
2019-04-18 19:42:58,516:INFO: - Found new best accuracy
2019-04-18 19:42:58,517:INFO: Epoch 10/10
2019-04-18 19:42:59,337:INFO: - Train metrics: accuracy: 0.976 ; f1_score: 0.810 ; loss: 0.121
2019-04-18 19:42:59,411:INFO: - Eval metrics : accuracy: 0.870 ; f1_score: 0.703 ; loss: 0.432
2019-04-18 19:42:59,425:INFO: - Found new best accuracy
2019-04-18 19:43:39,931:INFO: Loading the datasets...
2019-04-18 19:43:39,947:INFO: - done.
2019-04-18 19:43:40,155:INFO: Starting training for 10 epoch(s)
2019-04-18 19:43:40,156:INFO: Epoch 1/10
2019-04-18 19:43:40,974:INFO: - Train metrics: accuracy: 0.129 ; f1_score: 0.282 ; loss: 2.333
2019-04-18 19:43:41,047:INFO: - Eval metrics : accuracy: 0.509 ; f1_score: 0.428 ; loss: 1.536
2019-04-18 19:43:41,066:INFO: - Found new best F1 score
2019-04-18 19:43:41,067:INFO: Epoch 2/10
2019-04-18 19:43:41,905:INFO: - Train metrics: accuracy: 0.565 ; f1_score: 0.504 ; loss: 1.414
2019-04-18 19:43:41,977:INFO: - Eval metrics : accuracy: 0.638 ; f1_score: 0.641 ; loss: 1.157
2019-04-18 19:43:41,993:INFO: - Found new best F1 score
2019-04-18 19:43:41,993:INFO: Epoch 3/10
2019-04-18 19:43:42,821:INFO: - Train metrics: accuracy: 0.734 ; f1_score: 0.742 ; loss: 0.931
2019-04-18 19:43:42,896:INFO: - Eval metrics : accuracy: 0.717 ; f1_score: 0.665 ; loss: 0.901
2019-04-18 19:43:42,915:INFO: - Found new best F1 score
2019-04-18 19:43:42,916:INFO: Epoch 4/10
2019-04-18 19:43:43,734:INFO: - Train metrics: accuracy: 0.839 ; f1_score: 0.772 ; loss: 0.648
2019-04-18 19:43:43,806:INFO: - Eval metrics : accuracy: 0.784 ; f1_score: 0.732 ; loss: 0.731
2019-04-18 19:43:43,823:INFO: - Found new best F1 score
2019-04-18 19:43:43,824:INFO: Epoch 5/10
2019-04-18 19:43:44,681:INFO: - Train metrics: accuracy: 0.935 ; f1_score: 0.885 ; loss: 0.440
2019-04-18 19:43:44,753:INFO: - Eval metrics : accuracy: 0.803 ; f1_score: 0.749 ; loss: 0.628
2019-04-18 19:43:44,849:INFO: - Found new best F1 score
2019-04-18 19:43:44,851:INFO: Epoch 6/10
2019-04-18 19:43:45,671:INFO: - Train metrics: accuracy: 0.935 ; f1_score: 0.882 ; loss: 0.316
2019-04-18 19:43:45,748:INFO: - Eval metrics : accuracy: 0.823 ; f1_score: 0.767 ; loss: 0.555
2019-04-18 19:43:45,769:INFO: - Found new best F1 score
2019-04-18 19:43:45,769:INFO: Epoch 7/10
2019-04-18 19:43:46,602:INFO: - Train metrics: accuracy: 0.968 ; f1_score: 0.899 ; loss: 0.237
2019-04-18 19:43:46,675:INFO: - Eval metrics : accuracy: 0.835 ; f1_score: 0.778 ; loss: 0.498
2019-04-18 19:43:46,699:INFO: - Found new best F1 score
2019-04-18 19:43:46,700:INFO: Epoch 8/10
2019-04-18 19:43:47,518:INFO: - Train metrics: accuracy: 0.976 ; f1_score: 0.909 ; loss: 0.187
2019-04-18 19:43:47,590:INFO: - Eval metrics : accuracy: 0.848 ; f1_score: 0.784 ; loss: 0.455
2019-04-18 19:43:47,605:INFO: - Found new best F1 score
2019-04-18 19:43:47,606:INFO: Epoch 9/10
2019-04-18 19:43:48,440:INFO: - Train metrics: accuracy: 0.976 ; f1_score: 0.906 ; loss: 0.154
2019-04-18 19:43:48,513:INFO: - Eval metrics : accuracy: 0.860 ; f1_score: 0.794 ; loss: 0.422
2019-04-18 19:43:48,529:INFO: - Found new best F1 score
2019-04-18 19:43:48,530:INFO: Epoch 10/10
2019-04-18 19:43:49,359:INFO: - Train metrics: accuracy: 0.984 ; f1_score: 0.913 ; loss: 0.130
2019-04-18 19:43:49,440:INFO: - Eval metrics : accuracy: 0.865 ; f1_score: 0.797 ; loss: 0.397
2019-04-18 19:43:49,488:INFO: - Found new best F1 score
2019-04-18 19:48:53,751:INFO: Loading the datasets...
2019-04-18 19:48:53,769:INFO: - done.
2019-04-18 19:48:53,981:INFO: Starting training for 10 epoch(s)
2019-04-18 19:48:53,981:INFO: Epoch 1/10
2019-04-18 19:49:36,334:INFO: Loading the datasets...
2019-04-18 19:49:36,342:INFO: - done.
2019-04-18 19:49:36,537:INFO: Starting training for 10 epoch(s)
2019-04-18 19:49:36,537:INFO: Epoch 1/10
2019-04-18 19:49:37,340:INFO: - Train metrics: accuracy: 0.065 ; f1_score: 0.014 ; loss: 2.349
2019-04-18 19:49:37,410:INFO: - Eval metrics : accuracy: 0.500 ; f1_score: 0.422 ; loss: 1.551
2019-04-18 19:49:37,432:INFO: - Found new best F1 score
2019-04-18 19:49:37,433:INFO: Epoch 2/10
2019-04-18 19:49:38,238:INFO: - Train metrics: accuracy: 0.556 ; f1_score: 0.516 ; loss: 1.430
2019-04-18 19:49:38,309:INFO: - Eval metrics : accuracy: 0.601 ; f1_score: 0.551 ; loss: 1.193
2019-04-18 19:49:38,329:INFO: - Found new best F1 score
2019-04-18 19:49:38,330:INFO: Epoch 3/10
2019-04-18 19:49:39,136:INFO: - Train metrics: accuracy: 0.653 ; f1_score: 0.638 ; loss: 0.975
2019-04-18 19:49:39,208:INFO: - Eval metrics : accuracy: 0.702 ; f1_score: 0.593 ; loss: 0.922
2019-04-18 19:49:39,236:INFO: - Found new best F1 score
2019-04-18 19:49:39,237:INFO: Epoch 4/10
2019-04-18 19:49:40,035:INFO: - Train metrics: accuracy: 0.766 ; f1_score: 0.706 ; loss: 0.664
2019-04-18 19:49:40,105:INFO: - Eval metrics : accuracy: 0.783 ; f1_score: 0.655 ; loss: 0.731
2019-04-18 19:49:40,149:INFO: - Found new best F1 score
2019-04-18 19:49:40,150:INFO: Epoch 5/10
2019-04-18 19:49:40,959:INFO: - Train metrics: accuracy: 0.895 ; f1_score: 0.799 ; loss: 0.444
2019-04-18 19:49:41,030:INFO: - Eval metrics : accuracy: 0.813 ; f1_score: 0.680 ; loss: 0.609
2019-04-18 19:49:41,071:INFO: - Found new best F1 score
2019-04-18 19:49:41,072:INFO: Epoch 6/10
2019-04-18 19:49:41,879:INFO: - Train metrics: accuracy: 0.935 ; f1_score: 0.792 ; loss: 0.313
2019-04-18 19:49:41,951:INFO: - Eval metrics : accuracy: 0.833 ; f1_score: 0.701 ; loss: 0.535
2019-04-18 19:49:41,989:INFO: - Found new best F1 score
2019-04-18 19:49:41,990:INFO: Epoch 7/10
2019-04-18 19:49:42,804:INFO: - Train metrics: accuracy: 0.960 ; f1_score: 0.806 ; loss: 0.240
2019-04-18 19:49:42,875:INFO: - Eval metrics : accuracy: 0.844 ; f1_score: 0.726 ; loss: 0.485
2019-04-18 19:49:42,921:INFO: - Found new best F1 score
2019-04-18 19:49:42,921:INFO: Epoch 8/10
2019-04-18 19:49:43,760:INFO: - Train metrics: accuracy: 0.976 ; f1_score: 0.822 ; loss: 0.191
2019-04-18 19:49:43,830:INFO: - Eval metrics : accuracy: 0.862 ; f1_score: 0.743 ; loss: 0.438
2019-04-18 19:49:43,928:INFO: - Found new best F1 score
2019-04-18 19:49:43,929:INFO: Epoch 9/10
2019-04-18 19:49:44,731:INFO: - Train metrics: accuracy: 0.984 ; f1_score: 0.824 ; loss: 0.156
2019-04-18 19:49:44,802:INFO: - Eval metrics : accuracy: 0.873 ; f1_score: 0.752 ; loss: 0.402
2019-04-18 19:49:44,837:INFO: - Found new best F1 score
2019-04-18 19:49:44,838:INFO: Epoch 10/10
2019-04-18 19:49:45,640:INFO: - Train metrics: accuracy: 0.984 ; f1_score: 0.833 ; loss: 0.130
2019-04-18 19:49:45,711:INFO: - Eval metrics : accuracy: 0.884 ; f1_score: 0.766 ; loss: 0.375
2019-04-18 19:49:45,755:INFO: - Found new best F1 score
